

Started GET "/" for 127.0.0.1 at 2014-06-15 21:59:37 -0400
Processing by MainPagesController#index as HTML
  Rendered main_pages/index.html.erb within layouts/application (1.8ms)
  Rendered layouts/share/_javascript_tags.html.erb (0.4ms)
  Rendered layouts/share/_header.html.erb (3.0ms)
  Rendered layouts/share/_footer.html.erb (1.0ms)
Completed 200 OK in 2850ms (Views: 2838.9ms | ActiveRecord: 0.0ms)


Started GET "/assets/googleMap.css?body=1" for 127.0.0.1 at 2014-06-15 21:59:40 -0400


Started GET "/assets/jquery-2.1.1.min.js?body=1" for 127.0.0.1 at 2014-06-15 21:59:40 -0400


Started GET "/assets/google_maps.js?body=1" for 127.0.0.1 at 2014-06-15 21:59:40 -0400


Started GET "/assets/main_pages.css?body=1" for 127.0.0.1 at 2014-06-15 21:59:40 -0400


Started GET "/assets/application.css?body=1" for 127.0.0.1 at 2014-06-15 21:59:40 -0400


Started GET "/assets/jquery.js?body=1" for 127.0.0.1 at 2014-06-15 21:59:40 -0400


Started GET "/assets/map_navigate.js?body=1" for 127.0.0.1 at 2014-06-15 21:59:40 -0400


Started GET "/assets/jquery_ujs.js?body=1" for 127.0.0.1 at 2014-06-15 21:59:40 -0400


Started GET "/js/jquery-2.1.1.min.js" for 127.0.0.1 at 2014-06-15 21:59:40 -0400

ActionController::RoutingError (No route matches [GET] "/js/jquery-2.1.1.min.js"):
  actionpack (4.1.1) lib/action_dispatch/middleware/debug_exceptions.rb:21:in `call'
  actionpack (4.1.1) lib/action_dispatch/middleware/show_exceptions.rb:30:in `call'
  railties (4.1.1) lib/rails/rack/logger.rb:38:in `call_app'
  railties (4.1.1) lib/rails/rack/logger.rb:20:in `block in call'
  activesupport (4.1.1) lib/active_support/tagged_logging.rb:68:in `block in tagged'
  activesupport (4.1.1) lib/active_support/tagged_logging.rb:26:in `tagged'
  activesupport (4.1.1) lib/active_support/tagged_logging.rb:68:in `tagged'
  railties (4.1.1) lib/rails/rack/logger.rb:20:in `call'
  actionpack (4.1.1) lib/action_dispatch/middleware/request_id.rb:21:in `call'
  rack (1.5.2) lib/rack/methodoverride.rb:21:in `call'
  rack (1.5.2) lib/rack/runtime.rb:17:in `call'
  activesupport (4.1.1) lib/active_support/cache/strategy/local_cache_middleware.rb:26:in `call'
  rack (1.5.2) lib/rack/lock.rb:17:in `call'
  actionpack (4.1.1) lib/action_dispatch/middleware/static.rb:64:in `call'
  rack (1.5.2) lib/rack/sendfile.rb:112:in `call'
  railties (4.1.1) lib/rails/engine.rb:514:in `call'
  railties (4.1.1) lib/rails/application.rb:144:in `call'
  rack (1.5.2) lib/rack/lock.rb:17:in `call'
  rack (1.5.2) lib/rack/content_length.rb:14:in `call'
  rack (1.5.2) lib/rack/handler/webrick.rb:60:in `service'
  /Users/moair/.rvm/rubies/ruby-2.1.1/lib/ruby/2.1.0/webrick/httpserver.rb:138:in `service'
  /Users/moair/.rvm/rubies/ruby-2.1.1/lib/ruby/2.1.0/webrick/httpserver.rb:94:in `run'
  /Users/moair/.rvm/rubies/ruby-2.1.1/lib/ruby/2.1.0/webrick/server.rb:295:in `block in start_thread'


  Rendered /Users/moair/.rvm/gems/ruby-2.1.1/gems/actionpack-4.1.1/lib/action_dispatch/middleware/templates/rescues/_trace.html.erb (1.3ms)
  Rendered /Users/moair/.rvm/gems/ruby-2.1.1/gems/actionpack-4.1.1/lib/action_dispatch/middleware/templates/routes/_route.html.erb (0.9ms)
  Rendered /Users/moair/.rvm/gems/ruby-2.1.1/gems/actionpack-4.1.1/lib/action_dispatch/middleware/templates/routes/_table.html.erb (9.3ms)
  Rendered /Users/moair/.rvm/gems/ruby-2.1.1/gems/actionpack-4.1.1/lib/action_dispatch/middleware/templates/rescues/routing_error.html.erb within rescues/layout (29.9ms)


Started GET "/assets/turbolinks.js?body=1" for 127.0.0.1 at 2014-06-15 21:59:41 -0400


Started GET "/assets/application.js?body=1" for 127.0.0.1 at 2014-06-15 21:59:41 -0400


Started GET "/assets/jquery_ujs.js?body=1" for 127.0.0.1 at 2014-06-15 21:59:41 -0400


Started GET "/assets/turbolinks.js?body=1" for 127.0.0.1 at 2014-06-15 21:59:41 -0400


Started GET "/assets/bootstrap/glyphicons-halflings-regular.woff" for 127.0.0.1 at 2014-06-15 21:59:41 -0400


Started GET "/" for 127.0.0.1 at 2014-06-15 22:00:54 -0400
Processing by MainPagesController#index as HTML
  Rendered main_pages/index.html.erb within layouts/application (1.6ms)
  Rendered layouts/share/_javascript_tags.html.erb (0.4ms)
  Rendered layouts/share/_header.html.erb (1.2ms)
  Rendered layouts/share/_footer.html.erb (1.3ms)
Completed 200 OK in 112ms (Views: 101.3ms | ActiveRecord: 0.0ms)


Started GET "/assets/googleMap.css?body=1" for 127.0.0.1 at 2014-06-15 22:00:54 -0400


Started GET "/js/jquery-2.1.1.min.js" for 127.0.0.1 at 2014-06-15 22:00:54 -0400

ActionController::RoutingError (No route matches [GET] "/js/jquery-2.1.1.min.js"):
  actionpack (4.1.1) lib/action_dispatch/middleware/debug_exceptions.rb:21:in `call'
  actionpack (4.1.1) lib/action_dispatch/middleware/show_exceptions.rb:30:in `call'
  railties (4.1.1) lib/rails/rack/logger.rb:38:in `call_app'
  railties (4.1.1) lib/rails/rack/logger.rb:20:in `block in call'
  activesupport (4.1.1) lib/active_support/tagged_logging.rb:68:in `block in tagged'
  activesupport (4.1.1) lib/active_support/tagged_logging.rb:26:in `tagged'
  activesupport (4.1.1) lib/active_support/tagged_logging.rb:68:in `tagged'
  railties (4.1.1) lib/rails/rack/logger.rb:20:in `call'
  actionpack (4.1.1) lib/action_dispatch/middleware/request_id.rb:21:in `call'
  rack (1.5.2) lib/rack/methodoverride.rb:21:in `call'
  rack (1.5.2) lib/rack/runtime.rb:17:in `call'
  activesupport (4.1.1) lib/active_support/cache/strategy/local_cache_middleware.rb:26:in `call'
  rack (1.5.2) lib/rack/lock.rb:17:in `call'
  actionpack (4.1.1) lib/action_dispatch/middleware/static.rb:64:in `call'
  rack (1.5.2) lib/rack/sendfile.rb:112:in `call'
  railties (4.1.1) lib/rails/engine.rb:514:in `call'
  railties (4.1.1) lib/rails/application.rb:144:in `call'
  rack (1.5.2) lib/rack/lock.rb:17:in `call'
  rack (1.5.2) lib/rack/content_length.rb:14:in `call'
  rack (1.5.2) lib/rack/handler/webrick.rb:60:in `service'
  /Users/moair/.rvm/rubies/ruby-2.1.1/lib/ruby/2.1.0/webrick/httpserver.rb:138:in `service'
  /Users/moair/.rvm/rubies/ruby-2.1.1/lib/ruby/2.1.0/webrick/httpserver.rb:94:in `run'
  /Users/moair/.rvm/rubies/ruby-2.1.1/lib/ruby/2.1.0/webrick/server.rb:295:in `block in start_thread'


  Rendered /Users/moair/.rvm/gems/ruby-2.1.1/gems/actionpack-4.1.1/lib/action_dispatch/middleware/templates/rescues/_trace.html.erb (1.0ms)
  Rendered /Users/moair/.rvm/gems/ruby-2.1.1/gems/actionpack-4.1.1/lib/action_dispatch/middleware/templates/routes/_route.html.erb (0.7ms)
  Rendered /Users/moair/.rvm/gems/ruby-2.1.1/gems/actionpack-4.1.1/lib/action_dispatch/middleware/templates/routes/_table.html.erb (7.5ms)
  Rendered /Users/moair/.rvm/gems/ruby-2.1.1/gems/actionpack-4.1.1/lib/action_dispatch/middleware/templates/rescues/routing_error.html.erb within rescues/layout (25.8ms)


Started GET "/assets/main_pages.css?body=1" for 127.0.0.1 at 2014-06-15 22:00:54 -0400


Started GET "/assets/jquery.js?body=1" for 127.0.0.1 at 2014-06-15 22:00:54 -0400


Started GET "/assets/application.css?body=1" for 127.0.0.1 at 2014-06-15 22:00:54 -0400


Started GET "/assets/jquery_ujs.js?body=1" for 127.0.0.1 at 2014-06-15 22:00:54 -0400


Started GET "/assets/turbolinks.js?body=1" for 127.0.0.1 at 2014-06-15 22:00:54 -0400


Started GET "/assets/google_maps.js?body=1" for 127.0.0.1 at 2014-06-15 22:00:54 -0400


Started GET "/assets/jquery-2.1.1.min.js?body=1" for 127.0.0.1 at 2014-06-15 22:00:54 -0400


Started GET "/assets/map_navigate.js?body=1" for 127.0.0.1 at 2014-06-15 22:00:54 -0400


Started GET "/assets/application.js?body=1" for 127.0.0.1 at 2014-06-15 22:00:54 -0400


Started GET "/assets/bootstrap/glyphicons-halflings-regular.woff" for 127.0.0.1 at 2014-06-15 22:00:54 -0400
